This is pdfTeX, Version 3.1415926-2.5-1.40.14 (MiKTeX 2.9 64-bit) (preloaded format=pdflatex 2014.11.24)  1 OCT 2015 01:48
entering extended mode
**Latex_G5.tex
(C:\Users\Andrey\Documents\GitHub\G5_Latex\Latex_G5.tex
LaTeX2e <2011/06/27>
Babel <v3.8m> and hyphenation patterns for english, afrikaans, ancientgreek, ar
abic, armenian, assamese, basque, bengali, bokmal, bulgarian, catalan, coptic, 
croatian, czech, danish, dutch, esperanto, estonian, farsi, finnish, french, ga
lician, german, german-x-2013-05-26, greek, gujarati, hindi, hungarian, iceland
ic, indonesian, interlingua, irish, italian, kannada, kurmanji, latin, latvian,
 lithuanian, malayalam, marathi, mongolian, mongolianlmc, monogreek, ngerman, n
german-x-2013-05-26, nynorsk, oriya, panjabi, pinyin, polish, portuguese, roman
ian, russian, sanskrit, serbian, slovak, slovenian, spanish, swedish, swissgerm
an, tamil, telugu, turkish, turkmen, ukenglish, ukrainian, uppersorbian, usengl
ishmax, welsh, loaded.
("C:\Program Files\MiKTeX 2.9\tex\latex\base\article.cls"
Document Class: article 2007/10/19 v1.4h Standard LaTeX document class
("C:\Program Files\MiKTeX 2.9\tex\latex\base\size11.clo"
File: size11.clo 2007/10/19 v1.4h Standard LaTeX file (size option)
)
\c@part=\count79
\c@section=\count80
\c@subsection=\count81
\c@subsubsection=\count82
\c@paragraph=\count83
\c@subparagraph=\count84
\c@figure=\count85
\c@table=\count86
\abovecaptionskip=\skip41
\belowcaptionskip=\skip42
\bibindent=\dimen102
)
(C:\Users\Andrey\AppData\Roaming\MiKTeX\2.9\tex\latex\url\url.sty
\Urlmuskip=\muskip10
Package: url 2013/09/16  ver 3.4  Verb mode for urls, etc.
)
("C:\Program Files\MiKTeX 2.9\tex\latex\graphics\graphicx.sty"
Package: graphicx 1999/02/16 v1.0f Enhanced LaTeX Graphics (DPC,SPQR)

("C:\Program Files\MiKTeX 2.9\tex\latex\graphics\keyval.sty"
Package: keyval 1999/03/16 v1.13 key=value parser (DPC)
\KV@toks@=\toks14
)
("C:\Program Files\MiKTeX 2.9\tex\latex\graphics\graphics.sty"
Package: graphics 2009/02/05 v1.0o Standard LaTeX Graphics (DPC,SPQR)

("C:\Program Files\MiKTeX 2.9\tex\latex\graphics\trig.sty"
Package: trig 1999/03/16 v1.09 sin cos tan (DPC)
)
("C:\Program Files\MiKTeX 2.9\tex\latex\00miktex\graphics.cfg"
File: graphics.cfg 2007/01/18 v1.5 graphics configuration of teTeX/TeXLive
)
Package graphics Info: Driver file: pdftex.def on input line 91.

("C:\Program Files\MiKTeX 2.9\tex\latex\pdftex-def\pdftex.def"
File: pdftex.def 2011/05/27 v0.06d Graphics/color for pdfTeX

("C:\Program Files\MiKTeX 2.9\tex\generic\oberdiek\infwarerr.sty"
Package: infwarerr 2010/04/08 v1.3 Providing info/warning/error messages (HO)
)
("C:\Program Files\MiKTeX 2.9\tex\generic\oberdiek\ltxcmds.sty"
Package: ltxcmds 2011/11/09 v1.22 LaTeX kernel commands for general use (HO)
)
\Gread@gobject=\count87
))
\Gin@req@height=\dimen103
\Gin@req@width=\dimen104
)
(C:\Users\Andrey\AppData\Roaming\MiKTeX\2.9\tex\latex\placeins\placeins.sty
Package: placeins 2005/04/18  v 2.2
)
("C:\Program Files\MiKTeX 2.9\tex\latex\graphics\color.sty"
Package: color 2005/11/14 v1.0j Standard LaTeX Color (DPC)

("C:\Program Files\MiKTeX 2.9\tex\latex\00miktex\color.cfg"
File: color.cfg 2007/01/18 v1.5 color configuration of teTeX/TeXLive
)
Package color Info: Driver file: pdftex.def on input line 130.
)
(C:\Users\Andrey\AppData\Roaming\MiKTeX\2.9\tex\latex\listings\listings.sty
\lst@mode=\count88
\lst@gtempboxa=\box26
\lst@token=\toks15
\lst@length=\count89
\lst@currlwidth=\dimen105
\lst@column=\count90
\lst@pos=\count91
\lst@lostspace=\dimen106
\lst@width=\dimen107
\lst@newlines=\count92
\lst@lineno=\count93
\lst@maxwidth=\dimen108

(C:\Users\Andrey\AppData\Roaming\MiKTeX\2.9\tex\latex\listings\lstmisc.sty
File: lstmisc.sty 2014/09/06 1.5e (Carsten Heinz)
\c@lstnumber=\count94
\lst@skipnumbers=\count95
\lst@framebox=\box27
)
(C:\Users\Andrey\AppData\Roaming\MiKTeX\2.9\tex\latex\listings\listings.cfg
File: listings.cfg 2014/09/06 1.5e listings configuration
))
Package: listings 2014/09/06 1.5e (Carsten Heinz)

(C:\Users\Andrey\AppData\Roaming\MiKTeX\2.9\tex\latex\minted\minted.sty
Package: minted 2015/01/31 v2.0 Yet another Pygments shim for LaTeX

("C:\Program Files\MiKTeX 2.9\tex\latex\oberdiek\kvoptions.sty"
Package: kvoptions 2011/06/30 v3.11 Key value format for package options (HO)

("C:\Program Files\MiKTeX 2.9\tex\generic\oberdiek\kvsetkeys.sty"
Package: kvsetkeys 2012/04/25 v1.16 Key value parser (HO)

("C:\Program Files\MiKTeX 2.9\tex\generic\oberdiek\etexcmds.sty"
Package: etexcmds 2011/02/16 v1.5 Avoid name clashes with e-TeX commands (HO)

("C:\Program Files\MiKTeX 2.9\tex\generic\oberdiek\ifluatex.sty"
Package: ifluatex 2010/03/01 v1.3 Provides the ifluatex switch (HO)
Package ifluatex Info: LuaTeX not detected.
)
Package etexcmds Info: Could not find \expanded.
(etexcmds)             That can mean that you are not using pdfTeX 1.50 or
(etexcmds)             that some package has redefined \expanded.
(etexcmds)             In the latter case, load this package earlier.
)))
(C:\Users\Andrey\AppData\Roaming\MiKTeX\2.9\tex\latex\fancyvrb\fancyvrb.sty
Package: fancyvrb 2008/02/07

Style option: `fancyvrb' v2.7a, with DG/SPQR fixes, and firstline=lastline fix 
<2008/02/07> (tvz)
\FV@CodeLineNo=\count96
\FV@InFile=\read1
\FV@TabBox=\box28
\c@FancyVerbLine=\count97
\FV@StepNumber=\count98
\FV@OutFile=\write3
) ("C:\Program Files\MiKTeX 2.9\tex\latex\float\float.sty"
Package: float 2001/11/08 v1.3d Float enhancements (AL)
\c@float@type=\count99
\float@exts=\toks16
\float@box=\box29
\@float@everytoks=\toks17
\@floatcapt=\box30
)
("C:\Program Files\MiKTeX 2.9\tex\latex\base\ifthen.sty"
Package: ifthen 2001/05/26 v1.1c Standard LaTeX ifthen package (DPC)
)
("C:\Program Files\MiKTeX 2.9\tex\latex\tools\calc.sty"
Package: calc 2007/08/22 v4.3 Infix arithmetic (KKT,FJ)
\calc@Acount=\count100
\calc@Bcount=\count101
\calc@Adimen=\dimen109
\calc@Bdimen=\dimen110
\calc@Askip=\skip43
\calc@Bskip=\skip44
LaTeX Info: Redefining \setlength on input line 76.
LaTeX Info: Redefining \addtolength on input line 77.
\calc@Ccount=\count102
\calc@Cskip=\skip45
)
(C:\Users\Andrey\AppData\Roaming\MiKTeX\2.9\tex\latex\ifplatform\ifplatform.sty
Package: ifplatform 2010/10/22 v0.4 Testing for the operating system
("C:\Program Files\MiKTeX 2.9\tex\generic\oberdiek\pdftexcmds.sty"
Package: pdftexcmds 2011/11/29 v0.20 Utility functions of pdfTeX for LuaTeX (HO
)

("C:\Program Files\MiKTeX 2.9\tex\generic\oberdiek\ifpdf.sty"
Package: ifpdf 2011/01/30 v2.3 Provides the ifpdf switch (HO)
Package ifpdf Info: pdfTeX in PDF mode is detected.
)
Package pdftexcmds Info: LuaTeX not detected.
Package pdftexcmds Info: \pdf@primitive is available.
Package pdftexcmds Info: \pdf@ifprimitive is available.
Package pdftexcmds Info: \pdfdraftmode found.
)
("C:\Program Files\MiKTeX 2.9\tex\generic\oberdiek\catchfile.sty"
Package: catchfile 2011/03/01 v1.6 Catch the contents of a file (HO)
))
(C:\Users\Andrey\AppData\Roaming\MiKTeX\2.9\tex\latex\etoolbox\etoolbox.sty
Package: etoolbox 2015/05/04 v2.2 e-TeX tools for LaTeX (JAW)

("C:\Program Files\MiKTeX 2.9\tex\latex\misc\etex.sty"
Package: etex 1998/03/26 v2.0 eTeX basic definition package (PEB)
\et@xins=\count103
)
\etb@tempcnta=\count104
)
(C:\Users\Andrey\AppData\Roaming\MiKTeX\2.9\tex\latex\xstring\xstring.sty
(C:\Users\Andrey\AppData\Roaming\MiKTeX\2.9\tex\generic\xstring\xstring.tex
\@xs@message=\write4
\integerpart=\count105
\decimalpart=\count106
)
Package: xstring 2013/10/13  v1.7c  String manipulations (C Tellechea)
)
(C:\Users\Andrey\AppData\Roaming\MiKTeX\2.9\tex\latex\lineno\lineno.sty
Package: lineno 2005/11/02 line numbers on paragraphs v4.41
\linenopenalty=\count107
\output=\toks18
\linenoprevgraf=\count108
\linenumbersep=\dimen111
\linenumberwidth=\dimen112
\c@linenumber=\count109
\c@pagewiselinenumber=\count110
\c@LN@truepage=\count111
\c@internallinenumber=\count112
\c@internallinenumbers=\count113
\quotelinenumbersep=\dimen113
\bframerule=\dimen114
\bframesep=\dimen115
\bframebox=\box31
LaTeX Info: Redefining \\ on input line 3056.
)
\minted@appexistsfile=\read2
\FV@BreakIndent=\dimen116
\FV@BreakSymbolSepLeft=\dimen117
\FV@BreakSymbolSepRight=\dimen118
\FV@BreakSymbolIndentLeft=\dimen119
\FV@BreakSymbolIndentRight=\dimen120
\c@FancyVerbLineBreakLast=\count114
\FV@LineBox=\box32
\FV@LineIndentBox=\box33
\minted@bgbox=\box34
\minted@code=\write5
\c@minted@FancyVerbLineTemp=\count115
\@float@every@listing=\toks19
\c@listing=\count116
)
runsystem(if not exist "_minted-Latex_G5" mkdir "_minted-Latex_G5")...executed.

runsystem(for ^%i in (pygmentize.exe pygmentize.bat pygmentize.cmd) do set >"La
tex_G5.aex" <nul: /p x=^%~$PATH:i>>"Latex_G5.aex")...executed.

runsystem(del "Latex_G5.aex")...executed.



! Package minted Error: You must have `pygmentize' installed to use this packag
e.

See the minted package documentation for explanation.
Type  H <return>  for immediate help.
 ...                                              
                                                  
l.11 \addtolength
                 {\oddsidemargin}{-.875in}
Refer to the installation instructions in the minted documentation for more inf
ormation.

(C:\Users\Andrey\Documents\GitHub\G5_Latex\_minted-Latex_G5/default.pygstyle)
(C:\Users\Andrey\Documents\GitHub\G5_Latex\Latex_G5.aux)
LaTeX Font Info:    Checking defaults for OML/cmm/m/it on input line 16.
LaTeX Font Info:    ... okay on input line 16.
LaTeX Font Info:    Checking defaults for T1/cmr/m/n on input line 16.
LaTeX Font Info:    ... okay on input line 16.
LaTeX Font Info:    Checking defaults for OT1/cmr/m/n on input line 16.
LaTeX Font Info:    ... okay on input line 16.
LaTeX Font Info:    Checking defaults for OMS/cmsy/m/n on input line 16.
LaTeX Font Info:    ... okay on input line 16.
LaTeX Font Info:    Checking defaults for OMX/cmex/m/n on input line 16.
LaTeX Font Info:    ... okay on input line 16.
LaTeX Font Info:    Checking defaults for U/cmr/m/n on input line 16.
LaTeX Font Info:    ... okay on input line 16.

(C:\Users\Andrey\AppData\Roaming\MiKTeX\2.9\tex\context\base\supp-pdf.mkii
[Loading MPS to PDF converter (version 2006.09.02).]
\scratchcounter=\count117
\scratchdimen=\dimen121
\scratchbox=\box35
\nofMPsegments=\count118
\nofMParguments=\count119
\everyMPshowfont=\toks20
\MPscratchCnt=\count120
\MPscratchDim=\dimen122
\MPnumerator=\count121
\makeMPintoPDFobject=\count122
\everyMPtoPDFconversion=\toks21
)
\c@lstlisting=\count123
LaTeX Font Info:    External font `cmex10' loaded for size
(Font)              <12> on input line 17.
LaTeX Font Info:    External font `cmex10' loaded for size
(Font)              <8> on input line 17.
LaTeX Font Info:    External font `cmex10' loaded for size
(Font)              <6> on input line 17.
 (C:\Users\Andrey\Documents\GitHub\G5_Latex\Latex_G5.toc
LaTeX Font Info:    External font `cmex10' loaded for size
(Font)              <10.95> on input line 2.
Missing character: There is no â in font cmbx10!
Missing character: There is no € in font cmbx10!
Missing character: There is no ™ in font cmbx10!
)
\tf@toc=\write6

(C:\Users\Andrey\Documents\GitHub\G5_Latex\Latex_G5.lof)
\tf@lof=\write7

(C:\Users\Andrey\Documents\GitHub\G5_Latex\Latex_G5.lot)
\tf@lot=\write8
 [1

{C:/Users/Andrey/AppData/Local/MiKTeX/2.9/pdftex/config/pdftex.map}]
runsystem(pygmentize -l xml -f latex -F tokenmerge -P style=default -P commandp
refix=PYGdefault -o "_minted-Latex_G5/157CCE013BF3F6F711DFF3C27C0D24C47B9AA8582
CDF15C1A364591F5F29C569.pygtex" "Latex_G5.pyg" )...executed.



! Package minted Error: Missing Pygments output; \inputminted was
probably given a file that does not exist--otherwise, you may need 
the outputdir package option, or may be using an incompatible build tool,
or may be using the kpsewhich option without having PowerShell installed.

See the minted package documentation for explanation.
Type  H <return>  for immediate help.
 ...                                              
                                                  
l.57   \end{minted}
                   
This could be caused by using -output-directory or -aux-directory 
without setting minted's outputdir, or by using a build tool that 
changes paths in ways minted cannot detect, or by using the 
kpsewhich option without PowerShell.

runsystem(pygmentize -l xml -f latex -F tokenmerge -P style=default -P commandp
refix=PYGdefault -o "_minted-Latex_G5/EE4F419EF988BA1392C678E1B623F0B77B9AA8582
CDF15C1A364591F5F29C569.pygtex" "Latex_G5.pyg" )...executed.


! Package minted Error: Missing Pygments output; \inputminted was
probably given a file that does not exist--otherwise, you may need 
the outputdir package option, or may be using an incompatible build tool,
or may be using the kpsewhich option without having PowerShell installed.

See the minted package documentation for explanation.
Type  H <return>  for immediate help.
 ...                                              
                                                  
l.76  \end{minted}
                  
This could be caused by using -output-directory or -aux-directory 
without setting minted's outputdir, or by using a build tool that 
changes paths in ways minted cannot detect, or by using the 
kpsewhich option without PowerShell.

LaTeX Font Info:    Try loading font information for OMS+cmr on input line 82.
("C:\Program Files\MiKTeX 2.9\tex\latex\base\omscmr.fd"
File: omscmr.fd 1999/05/25 v2.5h Standard LaTeX font definitions
)
LaTeX Font Info:    Font shape `OMS/cmr/m/n' in size <10.95> not available
(Font)              Font shape `OMS/cmsy/m/n' tried instead on input line 82.
 [2]
Overfull \hbox (1.8201pt too wide) in paragraph at lines 134--136
\OT1/cmr/m/n/10.95 at-tribute, as fol-lows: []\OT1/cmr/m/it/10.95 xlink:href="h
ttp://dog.com/dogbreeds.xml#xpointer(id('Rottweiler'))"[]\OT1/cmr/m/n/10.95 . T
he
 []

[3] <images/xpointerExample.png, id=17, 853.68938pt x 492.33937pt>
File: images/xpointerExample.png Graphic file (type png)

<use images/xpointerExample.png>
Package pdftex.def Info: images/xpointerExample.png used on input line 140.
(pdftex.def)             Requested size: 437.82227pt x 252.5096pt.
Missing character: There is no â in font cmbx12!
Missing character: There is no € in font cmbx12!
Missing character: There is no ™ in font cmbx12!
 [4 <C:/Users/Andrey/Documents/GitHub/G5_Latex/images/xpointerExample.png>]
<images/measure1.png, id=24, 347.79938pt x 241.65282pt>
File: images/measure1.png Graphic file (type png)

<use images/measure1.png>
Package pdftex.def Info: images/measure1.png used on input line 200.
(pdftex.def)             Requested size: 340.52925pt x 236.61165pt.
 [5]
<images/measure2.png, id=28, 359.09157pt x 235.63031pt>
File: images/measure2.png Graphic file (type png)

<use images/measure2.png>
Package pdftex.def Info: images/measure2.png used on input line 210.
(pdftex.def)             Requested size: 340.52925pt x 223.4664pt.

<images/measure3.png, id=29, 350.81062pt x 237.88875pt>
File: images/measure3.png Graphic file (type png)

<use images/measure3.png>
Package pdftex.def Info: images/measure3.png used on input line 220.
(pdftex.def)             Requested size: 340.52925pt x 230.93329pt.
 [6 <C:/Users/Andrey/Documents/GitHub/G5_Latex/images/measure1.png> <C:/Users/A
ndrey/Documents/GitHub/G5_Latex/images/measure2.png>]
[7 <C:/Users/Andrey/Documents/GitHub/G5_Latex/images/measure3.png>]
(C:\Users\Andrey\Documents\GitHub\G5_Latex\Latex_G5.bbl)
runsystem(del "Latex_G5.pyg")...executed.

 [8]
(C:\Users\Andrey\Documents\GitHub\G5_Latex\Latex_G5.aux) ) 
Here is how much of TeX's memory you used:
 4934 strings out of 493921
 80967 string characters out of 3147278
 170138 words of memory out of 3000000
 8145 multiletter control sequences out of 15000+200000
 9325 words of font info for 33 fonts, out of 3000000 for 9000
 841 hyphenation exceptions out of 8191
 37i,8n,32p,861b,255s stack positions out of 5000i,500n,10000p,200000b,50000s
<C:/Program Files/MiK
TeX 2.9/fonts/type1/public/amsfonts/cm/cmbx10.pfb><C:/Program Files/MiKTeX 2.9/
fonts/type1/public/amsfonts/cm/cmbx12.pfb><C:/Program Files/MiKTeX 2.9/fonts/ty
pe1/public/amsfonts/cm/cmr10.pfb><C:/Program Files/MiKTeX 2.9/fonts/type1/publi
c/amsfonts/cm/cmr12.pfb><C:/Program Files/MiKTeX 2.9/fonts/type1/public/amsfont
s/cm/cmr17.pfb><C:/Program Files/MiKTeX 2.9/fonts/type1/public/amsfonts/cm/cmsy
10.pfb><C:/Program Files/MiKTeX 2.9/fonts/type1/public/amsfonts/cm/cmti10.pfb><
C:/Program Files/MiKTeX 2.9/fonts/type1/public/amsfonts/cm/cmtt10.pfb>
Output written on Latex_G5.pdf (8 pages, 259712 bytes).
PDF statistics:
 70 PDF objects out of 1000 (max. 8388607)
 0 named destinations out of 1000 (max. 500000)
 21 words of extra memory for PDF output out of 10000 (max. 10000000)

